<?xml version="1.0" encoding="UTF-8"?>
<coverage generated="1665092239778" clover="3.2.0">
  <project timestamp="1665092239778" name="All files">
    <metrics statements="51" coveredstatements="39" conditionals="14" coveredconditionals="10" methods="16" coveredmethods="10" elements="81" coveredelements="59" complexity="0" loc="51" ncloc="51" packages="1" files="3" classes="3"/>
    <file name="Task.js" path="C:\microverse\module2\to-do-list\src\Task.js">
      <metrics statements="5" coveredstatements="5" conditionals="4" coveredconditionals="4" methods="2" coveredmethods="2"/>
      <line num="3" count="22" type="stmt"/>
      <line num="4" count="22" type="stmt"/>
      <line num="5" count="22" type="stmt"/>
      <line num="9" count="22" type="cond" truecount="2" falsecount="0"/>
      <line num="19" count="22" type="stmt"/>
    </file>
    <file name="clearAll.js" path="C:\microverse\module2\to-do-list\src\clearAll.js">
      <metrics statements="4" coveredstatements="4" conditionals="2" coveredconditionals="2" methods="1" coveredmethods="1"/>
      <line num="1" count="1" type="stmt"/>
      <line num="2" count="1" type="stmt"/>
      <line num="3" count="4" type="cond" truecount="2" falsecount="0"/>
      <line num="4" count="3" type="stmt"/>
    </file>
    <file name="toDoList.js" path="C:\microverse\module2\to-do-list\src\toDoList.js">
      <metrics statements="42" coveredstatements="30" conditionals="8" coveredconditionals="4" methods="13" coveredmethods="7"/>
      <line num="5" count="5" type="stmt"/>
      <line num="6" count="5" type="cond" truecount="1" falsecount="1"/>
      <line num="7" count="5" type="stmt"/>
      <line num="9" count="5" type="stmt"/>
      <line num="10" count="5" type="cond" truecount="2" falsecount="0"/>
      <line num="11" count="3" type="stmt"/>
      <line num="16" count="11" type="stmt"/>
      <line num="17" count="11" type="stmt"/>
      <line num="18" count="22" type="stmt"/>
      <line num="19" count="22" type="stmt"/>
      <line num="20" count="22" type="stmt"/>
      <line num="21" count="22" type="stmt"/>
      <line num="23" count="22" type="stmt"/>
      <line num="24" count="22" type="stmt"/>
      <line num="25" count="0" type="stmt"/>
      <line num="26" count="0" type="stmt"/>
      <line num="28" count="22" type="stmt"/>
      <line num="29" count="22" type="stmt"/>
      <line num="30" count="0" type="stmt"/>
      <line num="31" count="0" type="stmt"/>
      <line num="35" count="11" type="stmt"/>
      <line num="36" count="11" type="stmt"/>
      <line num="37" count="22" type="stmt"/>
      <line num="38" count="0" type="stmt"/>
      <line num="42" count="11" type="stmt"/>
      <line num="43" count="11" type="stmt"/>
      <line num="44" count="22" type="stmt"/>
      <line num="45" count="0" type="stmt"/>
      <line num="48" count="11" type="stmt"/>
      <line num="52" count="6" type="stmt"/>
      <line num="53" count="6" type="stmt"/>
      <line num="57" count="4" type="stmt"/>
      <line num="58" count="4" type="stmt"/>
      <line num="63" count="0" type="stmt"/>
      <line num="64" count="0" type="stmt"/>
      <line num="65" count="0" type="stmt"/>
      <line num="66" count="0" type="cond" truecount="0" falsecount="2"/>
      <line num="67" count="0" type="stmt"/>
      <line num="73" count="1" type="cond" truecount="1" falsecount="1"/>
      <line num="74" count="0" type="stmt"/>
      <line num="76" count="1" type="stmt"/>
      <line num="78" count="1" type="stmt"/>
    </file>
  </project>
</coverage>
