<?xml version="1.0" encoding="UTF-8"?>
<coverage generated="1665077214022" clover="3.2.0">
  <project timestamp="1665077214022" name="All files">
    <metrics statements="45" coveredstatements="30" conditionals="10" coveredconditionals="4" methods="15" coveredmethods="8" elements="70" coveredelements="42" complexity="0" loc="45" ncloc="45" packages="1" files="2" classes="2"/>
    <file name="Task.js" path="C:\Users\Mohi\Desktop\Microverse\mahdi-aghaali\to-do-list\src\Task.js">
      <metrics statements="5" coveredstatements="5" conditionals="4" coveredconditionals="2" methods="2" coveredmethods="2"/>
      <line num="3" count="4" type="stmt"/>
      <line num="4" count="4" type="stmt"/>
      <line num="5" count="4" type="stmt"/>
      <line num="9" count="4" type="cond" truecount="1" falsecount="1"/>
      <line num="19" count="4" type="stmt"/>
    </file>
    <file name="ToDoList.js" path="C:\Users\Mohi\Desktop\Microverse\mahdi-aghaali\to-do-list\src\ToDoList.js">
      <metrics statements="40" coveredstatements="25" conditionals="6" coveredconditionals="2" methods="13" coveredmethods="6"/>
      <line num="5" count="2" type="stmt"/>
      <line num="6" count="2" type="stmt"/>
      <line num="7" count="2" type="cond" truecount="2" falsecount="0"/>
      <line num="8" count="1" type="stmt"/>
      <line num="13" count="3" type="stmt"/>
      <line num="14" count="3" type="stmt"/>
      <line num="15" count="4" type="stmt"/>
      <line num="16" count="4" type="stmt"/>
      <line num="17" count="4" type="stmt"/>
      <line num="18" count="4" type="stmt"/>
      <line num="20" count="4" type="stmt"/>
      <line num="21" count="4" type="stmt"/>
      <line num="22" count="0" type="stmt"/>
      <line num="23" count="0" type="stmt"/>
      <line num="26" count="4" type="stmt"/>
      <line num="27" count="4" type="stmt"/>
      <line num="28" count="0" type="stmt"/>
      <line num="29" count="0" type="stmt"/>
      <line num="33" count="3" type="stmt"/>
      <line num="34" count="3" type="stmt"/>
      <line num="35" count="4" type="stmt"/>
      <line num="36" count="0" type="stmt"/>
      <line num="40" count="3" type="stmt"/>
      <line num="41" count="3" type="stmt"/>
      <line num="42" count="4" type="stmt"/>
      <line num="43" count="0" type="stmt"/>
      <line num="46" count="3" type="stmt"/>
      <line num="50" count="2" type="stmt"/>
      <line num="51" count="2" type="stmt"/>
      <line num="55" count="1" type="stmt"/>
      <line num="56" count="1" type="stmt"/>
      <line num="61" count="0" type="stmt"/>
      <line num="62" count="0" type="stmt"/>
      <line num="63" count="0" type="stmt"/>
      <line num="64" count="0" type="cond" truecount="0" falsecount="2"/>
      <line num="65" count="0" type="stmt"/>
      <line num="71" count="0" type="cond" truecount="0" falsecount="2"/>
      <line num="72" count="0" type="stmt"/>
      <line num="74" count="0" type="stmt"/>
      <line num="76" count="0" type="stmt"/>
    </file>
  </project>
</coverage>
