{"C:\\Users\\Mohi\\Desktop\\Microverse\\mahdi-aghaali\\to-do-list\\src\\Task.js": {"path":"C:\\Users\\Mohi\\Desktop\\Microverse\\mahdi-aghaali\\to-do-list\\src\\Task.js","statementMap":{"0":{"start":{"line":3,"column":4},"end":{"line":3,"column":17}},"1":{"start":{"line":4,"column":4},"end":{"line":4,"column":35}},"2":{"start":{"line":5,"column":4},"end":{"line":5,"column":35}},"3":{"start":{"line":9,"column":23},"end":{"line":18,"column":14}},"4":{"start":{"line":19,"column":4},"end":{"line":19,"column":58}}},"fnMap":{"0":{"name":"(anonymous_0)","decl":{"start":{"line":2,"column":2},"end":{"line":2,"column":3}},"loc":{"start":{"line":2,"column":44},"end":{"line":6,"column":3}},"line":2},"1":{"name":"(anonymous_1)","decl":{"start":{"line":8,"column":2},"end":{"line":8,"column":3}},"loc":{"start":{"line":8,"column":22},"end":{"line":20,"column":3}},"line":8}},"branchMap":{"0":{"loc":{"start":{"line":9,"column":58},"end":{"line":9,"column":91}},"type":"cond-expr","locations":[{"start":{"line":9,"column":77},"end":{"line":9,"column":86}},{"start":{"line":9,"column":89},"end":{"line":9,"column":91}}],"line":9},"1":{"loc":{"start":{"line":11,"column":51},"end":{"line":11,"column":84}},"type":"cond-expr","locations":[{"start":{"line":11,"column":70},"end":{"line":11,"column":79}},{"start":{"line":11,"column":82},"end":{"line":11,"column":84}}],"line":11}},"s":{"0":4,"1":4,"2":4,"3":4,"4":4},"f":{"0":4,"1":4},"b":{"0":[0,4],"1":[0,4]},"_coverageSchema":"1a1c01bbd47fc00a2c39e90264f33305004495a9","hash":"845146732b73b40e26e6462638706468d820eb93"}
,"C:\\Users\\Mohi\\Desktop\\Microverse\\mahdi-aghaali\\to-do-list\\src\\ToDoList.js": {"path":"C:\\Users\\Mohi\\Desktop\\Microverse\\mahdi-aghaali\\to-do-list\\src\\ToDoList.js","statementMap":{"0":{"start":{"line":5,"column":4},"end":{"line":5,"column":29}},"1":{"start":{"line":6,"column":4},"end":{"line":6,"column":20}},"2":{"start":{"line":7,"column":4},"end":{"line":9,"column":5}},"3":{"start":{"line":8,"column":6},"end":{"line":8,"column":64}},"4":{"start":{"line":13,"column":4},"end":{"line":13,"column":34}},"5":{"start":{"line":14,"column":4},"end":{"line":31,"column":5}},"6":{"start":{"line":14,"column":17},"end":{"line":14,"column":18}},"7":{"start":{"line":15,"column":6},"end":{"line":15,"column":31}},"8":{"start":{"line":16,"column":47},"end":{"line":16,"column":60}},"9":{"start":{"line":17,"column":19},"end":{"line":17,"column":57}},"10":{"start":{"line":18,"column":6},"end":{"line":18,"column":36}},"11":{"start":{"line":20,"column":24},"end":{"line":20,"column":87}},"12":{"start":{"line":21,"column":6},"end":{"line":24,"column":9}},"13":{"start":{"line":22,"column":8},"end":{"line":22,"column":51}},"14":{"start":{"line":23,"column":8},"end":{"line":23,"column":69}},"15":{"start":{"line":26,"column":27},"end":{"line":26,"column":94}},"16":{"start":{"line":27,"column":6},"end":{"line":30,"column":9}},"17":{"start":{"line":28,"column":8},"end":{"line":28,"column":27}},"18":{"start":{"line":29,"column":8},"end":{"line":29,"column":69}},"19":{"start":{"line":33,"column":26},"end":{"line":33,"column":62}},"20":{"start":{"line":34,"column":4},"end":{"line":38,"column":7}},"21":{"start":{"line":35,"column":6},"end":{"line":37,"column":9}},"22":{"start":{"line":36,"column":8},"end":{"line":36,"column":27}},"23":{"start":{"line":40,"column":18},"end":{"line":40,"column":52}},"24":{"start":{"line":41,"column":4},"end":{"line":45,"column":7}},"25":{"start":{"line":42,"column":6},"end":{"line":44,"column":9}},"26":{"start":{"line":43,"column":8},"end":{"line":43,"column":27}},"27":{"start":{"line":46,"column":4},"end":{"line":46,"column":65}},"28":{"start":{"line":50,"column":4},"end":{"line":50,"column":26}},"29":{"start":{"line":51,"column":4},"end":{"line":51,"column":22}},"30":{"start":{"line":55,"column":4},"end":{"line":55,"column":32}},"31":{"start":{"line":56,"column":4},"end":{"line":56,"column":22}},"32":{"start":{"line":61,"column":18},"end":{"line":61,"column":52}},"33":{"start":{"line":62,"column":4},"end":{"line":67,"column":7}},"34":{"start":{"line":63,"column":6},"end":{"line":63,"column":40}},"35":{"start":{"line":64,"column":6},"end":{"line":66,"column":7}},"36":{"start":{"line":65,"column":8},"end":{"line":65,"column":39}},"37":{"start":{"line":71,"column":4},"end":{"line":75,"column":5}},"38":{"start":{"line":72,"column":6},"end":{"line":72,"column":40}},"39":{"start":{"line":74,"column":6},"end":{"line":74,"column":39}},"40":{"start":{"line":76,"column":4},"end":{"line":76,"column":22}}},"fnMap":{"0":{"name":"(anonymous_0)","decl":{"start":{"line":4,"column":2},"end":{"line":4,"column":3}},"loc":{"start":{"line":4,"column":23},"end":{"line":10,"column":3}},"line":4},"1":{"name":"(anonymous_1)","decl":{"start":{"line":12,"column":2},"end":{"line":12,"column":3}},"loc":{"start":{"line":12,"column":15},"end":{"line":47,"column":3}},"line":12},"2":{"name":"(anonymous_2)","decl":{"start":{"line":21,"column":45},"end":{"line":21,"column":46}},"loc":{"start":{"line":21,"column":52},"end":{"line":24,"column":7}},"line":21},"3":{"name":"(anonymous_3)","decl":{"start":{"line":27,"column":49},"end":{"line":27,"column":50}},"loc":{"start":{"line":27,"column":55},"end":{"line":30,"column":7}},"line":27},"4":{"name":"(anonymous_4)","decl":{"start":{"line":34,"column":26},"end":{"line":34,"column":27}},"loc":{"start":{"line":34,"column":41},"end":{"line":38,"column":5}},"line":34},"5":{"name":"(anonymous_5)","decl":{"start":{"line":35,"column":39},"end":{"line":35,"column":40}},"loc":{"start":{"line":35,"column":45},"end":{"line":37,"column":7}},"line":35},"6":{"name":"(anonymous_6)","decl":{"start":{"line":41,"column":18},"end":{"line":41,"column":19}},"loc":{"start":{"line":41,"column":31},"end":{"line":45,"column":5}},"line":41},"7":{"name":"(anonymous_7)","decl":{"start":{"line":42,"column":37},"end":{"line":42,"column":38}},"loc":{"start":{"line":42,"column":43},"end":{"line":44,"column":7}},"line":42},"8":{"name":"(anonymous_8)","decl":{"start":{"line":49,"column":2},"end":{"line":49,"column":3}},"loc":{"start":{"line":49,"column":16},"end":{"line":52,"column":3}},"line":49},"9":{"name":"(anonymous_9)","decl":{"start":{"line":54,"column":2},"end":{"line":54,"column":3}},"loc":{"start":{"line":54,"column":20},"end":{"line":57,"column":3}},"line":54},"10":{"name":"(anonymous_10)","decl":{"start":{"line":60,"column":2},"end":{"line":60,"column":3}},"loc":{"start":{"line":60,"column":20},"end":{"line":68,"column":3}},"line":60},"11":{"name":"(anonymous_11)","decl":{"start":{"line":62,"column":18},"end":{"line":62,"column":19}},"loc":{"start":{"line":62,"column":31},"end":{"line":67,"column":5}},"line":62},"12":{"name":"(anonymous_12)","decl":{"start":{"line":70,"column":2},"end":{"line":70,"column":3}},"loc":{"start":{"line":70,"column":16},"end":{"line":77,"column":3}},"line":70}},"branchMap":{"0":{"loc":{"start":{"line":7,"column":4},"end":{"line":9,"column":5}},"type":"if","locations":[{"start":{"line":7,"column":4},"end":{"line":9,"column":5}},{"start":{},"end":{}}],"line":7},"1":{"loc":{"start":{"line":64,"column":6},"end":{"line":66,"column":7}},"type":"if","locations":[{"start":{"line":64,"column":6},"end":{"line":66,"column":7}},{"start":{},"end":{}}],"line":64},"2":{"loc":{"start":{"line":71,"column":4},"end":{"line":75,"column":5}},"type":"if","locations":[{"start":{"line":71,"column":4},"end":{"line":75,"column":5}},{"start":{"line":73,"column":11},"end":{"line":75,"column":5}}],"line":71}},"s":{"0":2,"1":2,"2":2,"3":1,"4":3,"5":3,"6":3,"7":4,"8":4,"9":4,"10":4,"11":4,"12":4,"13":0,"14":0,"15":4,"16":4,"17":0,"18":0,"19":3,"20":3,"21":4,"22":0,"23":3,"24":3,"25":4,"26":0,"27":3,"28":2,"29":2,"30":1,"31":1,"32":0,"33":0,"34":0,"35":0,"36":0,"37":0,"38":0,"39":0,"40":0},"f":{"0":2,"1":3,"2":0,"3":0,"4":4,"5":0,"6":4,"7":0,"8":2,"9":1,"10":0,"11":0,"12":0},"b":{"0":[1,1],"1":[0,0],"2":[0,0]},"_coverageSchema":"1a1c01bbd47fc00a2c39e90264f33305004495a9","hash":"ed19ff0bd3c96cdfcd5db2457557e333b75df72b"}
}
