{"C:\\microverse\\module2\\to-do-list\\src\\Task.js": {"path":"C:\\microverse\\module2\\to-do-list\\src\\Task.js","statementMap":{"0":{"start":{"line":3,"column":4},"end":{"line":3,"column":17}},"1":{"start":{"line":4,"column":4},"end":{"line":4,"column":35}},"2":{"start":{"line":5,"column":4},"end":{"line":5,"column":35}},"3":{"start":{"line":9,"column":23},"end":{"line":18,"column":14}},"4":{"start":{"line":19,"column":4},"end":{"line":19,"column":58}}},"fnMap":{"0":{"name":"(anonymous_0)","decl":{"start":{"line":2,"column":2},"end":{"line":2,"column":3}},"loc":{"start":{"line":2,"column":44},"end":{"line":6,"column":3}},"line":2},"1":{"name":"(anonymous_1)","decl":{"start":{"line":8,"column":2},"end":{"line":8,"column":3}},"loc":{"start":{"line":8,"column":22},"end":{"line":20,"column":3}},"line":8}},"branchMap":{"0":{"loc":{"start":{"line":9,"column":58},"end":{"line":9,"column":91}},"type":"cond-expr","locations":[{"start":{"line":9,"column":77},"end":{"line":9,"column":86}},{"start":{"line":9,"column":89},"end":{"line":9,"column":91}}],"line":9},"1":{"loc":{"start":{"line":11,"column":51},"end":{"line":11,"column":84}},"type":"cond-expr","locations":[{"start":{"line":11,"column":70},"end":{"line":11,"column":79}},{"start":{"line":11,"column":82},"end":{"line":11,"column":84}}],"line":11}},"s":{"0":22,"1":22,"2":22,"3":22,"4":22},"f":{"0":22,"1":22},"b":{"0":[9,13],"1":[9,13]},"_coverageSchema":"1a1c01bbd47fc00a2c39e90264f33305004495a9","hash":"0c9a5ed3d5e64fef224eb0f0eef11bb35b5c86f8"}
,"C:\\microverse\\module2\\to-do-list\\src\\clearAll.js": {"path":"C:\\microverse\\module2\\to-do-list\\src\\clearAll.js","statementMap":{"0":{"start":{"line":1,"column":24},"end":{"line":7,"column":1}},"1":{"start":{"line":2,"column":2},"end":{"line":6,"column":3}},"2":{"start":{"line":2,"column":15},"end":{"line":2,"column":36}},"3":{"start":{"line":3,"column":4},"end":{"line":5,"column":5}},"4":{"start":{"line":4,"column":6},"end":{"line":4,"column":25}}},"fnMap":{"0":{"name":"(anonymous_0)","decl":{"start":{"line":1,"column":24},"end":{"line":1,"column":25}},"loc":{"start":{"line":1,"column":34},"end":{"line":7,"column":1}},"line":1}},"branchMap":{"0":{"loc":{"start":{"line":3,"column":4},"end":{"line":5,"column":5}},"type":"if","locations":[{"start":{"line":3,"column":4},"end":{"line":5,"column":5}},{"start":{},"end":{}}],"line":3}},"s":{"0":1,"1":1,"2":1,"3":4,"4":3},"f":{"0":1},"b":{"0":[3,1]},"_coverageSchema":"1a1c01bbd47fc00a2c39e90264f33305004495a9","hash":"413c01fce11805f7256fb6aea0e02d10dae27347"}
,"C:\\microverse\\module2\\to-do-list\\src\\toDoList.js": {"path":"C:\\microverse\\module2\\to-do-list\\src\\toDoList.js","statementMap":{"0":{"start":{"line":5,"column":4},"end":{"line":5,"column":24}},"1":{"start":{"line":6,"column":4},"end":{"line":8,"column":5}},"2":{"start":{"line":7,"column":6},"end":{"line":7,"column":31}},"3":{"start":{"line":9,"column":4},"end":{"line":9,"column":20}},"4":{"start":{"line":10,"column":4},"end":{"line":12,"column":5}},"5":{"start":{"line":11,"column":6},"end":{"line":11,"column":64}},"6":{"start":{"line":16,"column":4},"end":{"line":16,"column":34}},"7":{"start":{"line":17,"column":4},"end":{"line":33,"column":5}},"8":{"start":{"line":17,"column":17},"end":{"line":17,"column":18}},"9":{"start":{"line":18,"column":6},"end":{"line":18,"column":31}},"10":{"start":{"line":19,"column":47},"end":{"line":19,"column":60}},"11":{"start":{"line":20,"column":19},"end":{"line":20,"column":57}},"12":{"start":{"line":21,"column":6},"end":{"line":21,"column":36}},"13":{"start":{"line":23,"column":24},"end":{"line":23,"column":87}},"14":{"start":{"line":24,"column":6},"end":{"line":27,"column":9}},"15":{"start":{"line":25,"column":8},"end":{"line":25,"column":51}},"16":{"start":{"line":26,"column":8},"end":{"line":26,"column":69}},"17":{"start":{"line":28,"column":27},"end":{"line":28,"column":94}},"18":{"start":{"line":29,"column":6},"end":{"line":32,"column":9}},"19":{"start":{"line":30,"column":8},"end":{"line":30,"column":27}},"20":{"start":{"line":31,"column":8},"end":{"line":31,"column":69}},"21":{"start":{"line":35,"column":26},"end":{"line":35,"column":62}},"22":{"start":{"line":36,"column":4},"end":{"line":40,"column":7}},"23":{"start":{"line":37,"column":6},"end":{"line":39,"column":9}},"24":{"start":{"line":38,"column":8},"end":{"line":38,"column":27}},"25":{"start":{"line":42,"column":18},"end":{"line":42,"column":52}},"26":{"start":{"line":43,"column":4},"end":{"line":47,"column":7}},"27":{"start":{"line":44,"column":6},"end":{"line":46,"column":9}},"28":{"start":{"line":45,"column":8},"end":{"line":45,"column":27}},"29":{"start":{"line":48,"column":4},"end":{"line":48,"column":65}},"30":{"start":{"line":52,"column":4},"end":{"line":52,"column":26}},"31":{"start":{"line":53,"column":4},"end":{"line":53,"column":22}},"32":{"start":{"line":57,"column":4},"end":{"line":57,"column":32}},"33":{"start":{"line":58,"column":4},"end":{"line":58,"column":22}},"34":{"start":{"line":63,"column":18},"end":{"line":63,"column":52}},"35":{"start":{"line":64,"column":4},"end":{"line":69,"column":7}},"36":{"start":{"line":65,"column":6},"end":{"line":65,"column":40}},"37":{"start":{"line":66,"column":6},"end":{"line":68,"column":7}},"38":{"start":{"line":67,"column":8},"end":{"line":67,"column":39}},"39":{"start":{"line":73,"column":4},"end":{"line":77,"column":5}},"40":{"start":{"line":74,"column":6},"end":{"line":74,"column":40}},"41":{"start":{"line":76,"column":6},"end":{"line":76,"column":39}},"42":{"start":{"line":78,"column":4},"end":{"line":78,"column":22}}},"fnMap":{"0":{"name":"(anonymous_0)","decl":{"start":{"line":4,"column":2},"end":{"line":4,"column":3}},"loc":{"start":{"line":4,"column":23},"end":{"line":13,"column":3}},"line":4},"1":{"name":"(anonymous_1)","decl":{"start":{"line":15,"column":2},"end":{"line":15,"column":3}},"loc":{"start":{"line":15,"column":15},"end":{"line":49,"column":3}},"line":15},"2":{"name":"(anonymous_2)","decl":{"start":{"line":24,"column":48},"end":{"line":24,"column":49}},"loc":{"start":{"line":24,"column":55},"end":{"line":27,"column":7}},"line":24},"3":{"name":"(anonymous_3)","decl":{"start":{"line":29,"column":49},"end":{"line":29,"column":50}},"loc":{"start":{"line":29,"column":55},"end":{"line":32,"column":7}},"line":29},"4":{"name":"(anonymous_4)","decl":{"start":{"line":36,"column":26},"end":{"line":36,"column":27}},"loc":{"start":{"line":36,"column":41},"end":{"line":40,"column":5}},"line":36},"5":{"name":"(anonymous_5)","decl":{"start":{"line":37,"column":39},"end":{"line":37,"column":40}},"loc":{"start":{"line":37,"column":45},"end":{"line":39,"column":7}},"line":37},"6":{"name":"(anonymous_6)","decl":{"start":{"line":43,"column":18},"end":{"line":43,"column":19}},"loc":{"start":{"line":43,"column":31},"end":{"line":47,"column":5}},"line":43},"7":{"name":"(anonymous_7)","decl":{"start":{"line":44,"column":37},"end":{"line":44,"column":38}},"loc":{"start":{"line":44,"column":43},"end":{"line":46,"column":7}},"line":44},"8":{"name":"(anonymous_8)","decl":{"start":{"line":51,"column":2},"end":{"line":51,"column":3}},"loc":{"start":{"line":51,"column":16},"end":{"line":54,"column":3}},"line":51},"9":{"name":"(anonymous_9)","decl":{"start":{"line":56,"column":2},"end":{"line":56,"column":3}},"loc":{"start":{"line":56,"column":20},"end":{"line":59,"column":3}},"line":56},"10":{"name":"(anonymous_10)","decl":{"start":{"line":62,"column":2},"end":{"line":62,"column":3}},"loc":{"start":{"line":62,"column":20},"end":{"line":70,"column":3}},"line":62},"11":{"name":"(anonymous_11)","decl":{"start":{"line":64,"column":18},"end":{"line":64,"column":19}},"loc":{"start":{"line":64,"column":31},"end":{"line":69,"column":5}},"line":64},"12":{"name":"(anonymous_12)","decl":{"start":{"line":72,"column":2},"end":{"line":72,"column":3}},"loc":{"start":{"line":72,"column":16},"end":{"line":79,"column":3}},"line":72}},"branchMap":{"0":{"loc":{"start":{"line":6,"column":4},"end":{"line":8,"column":5}},"type":"if","locations":[{"start":{"line":6,"column":4},"end":{"line":8,"column":5}},{"start":{},"end":{}}],"line":6},"1":{"loc":{"start":{"line":10,"column":4},"end":{"line":12,"column":5}},"type":"if","locations":[{"start":{"line":10,"column":4},"end":{"line":12,"column":5}},{"start":{},"end":{}}],"line":10},"2":{"loc":{"start":{"line":66,"column":6},"end":{"line":68,"column":7}},"type":"if","locations":[{"start":{"line":66,"column":6},"end":{"line":68,"column":7}},{"start":{},"end":{}}],"line":66},"3":{"loc":{"start":{"line":73,"column":4},"end":{"line":77,"column":5}},"type":"if","locations":[{"start":{"line":73,"column":4},"end":{"line":77,"column":5}},{"start":{"line":75,"column":11},"end":{"line":77,"column":5}}],"line":73}},"s":{"0":5,"1":5,"2":5,"3":5,"4":5,"5":3,"6":11,"7":11,"8":11,"9":22,"10":22,"11":22,"12":22,"13":22,"14":22,"15":0,"16":0,"17":22,"18":22,"19":0,"20":0,"21":11,"22":11,"23":22,"24":0,"25":11,"26":11,"27":22,"28":0,"29":11,"30":6,"31":6,"32":4,"33":4,"34":0,"35":0,"36":0,"37":0,"38":0,"39":1,"40":0,"41":1,"42":1},"f":{"0":5,"1":11,"2":0,"3":0,"4":22,"5":0,"6":22,"7":0,"8":6,"9":4,"10":0,"11":0,"12":1},"b":{"0":[5,0],"1":[3,2],"2":[0,0],"3":[0,1]},"_coverageSchema":"1a1c01bbd47fc00a2c39e90264f33305004495a9","hash":"23b0d02fdeebbb8702c6a9c4bf4014cb3edd7dfb"}
}
