TN:
SF:src\Task.js
FN:2,(anonymous_0)
FN:8,(anonymous_1)
FNF:2
FNH:2
FNDA:22,(anonymous_0)
FNDA:22,(anonymous_1)
DA:3,22
DA:4,22
DA:5,22
DA:9,22
DA:19,22
LF:5
LH:5
BRDA:9,0,0,9
BRDA:9,0,1,13
BRDA:11,1,0,9
BRDA:11,1,1,13
BRF:4
BRH:4
end_of_record
TN:
SF:src\clearAll.js
FN:1,(anonymous_0)
FNF:1
FNH:1
FNDA:1,(anonymous_0)
DA:1,1
DA:2,1
DA:3,4
DA:4,3
LF:4
LH:4
BRDA:3,0,0,3
BRDA:3,0,1,1
BRF:2
BRH:2
end_of_record
TN:
SF:src\toDoList.js
FN:4,(anonymous_0)
FN:15,(anonymous_1)
FN:24,(anonymous_2)
FN:29,(anonymous_3)
FN:36,(anonymous_4)
FN:37,(anonymous_5)
FN:43,(anonymous_6)
FN:44,(anonymous_7)
FN:51,(anonymous_8)
FN:56,(anonymous_9)
FN:62,(anonymous_10)
FN:64,(anonymous_11)
FN:72,(anonymous_12)
FNF:13
FNH:7
FNDA:5,(anonymous_0)
FNDA:11,(anonymous_1)
FNDA:0,(anonymous_2)
FNDA:0,(anonymous_3)
FNDA:22,(anonymous_4)
FNDA:0,(anonymous_5)
FNDA:22,(anonymous_6)
FNDA:0,(anonymous_7)
FNDA:6,(anonymous_8)
FNDA:4,(anonymous_9)
FNDA:0,(anonymous_10)
FNDA:0,(anonymous_11)
FNDA:1,(anonymous_12)
DA:5,5
DA:6,5
DA:7,5
DA:9,5
DA:10,5
DA:11,3
DA:16,11
DA:17,11
DA:18,22
DA:19,22
DA:20,22
DA:21,22
DA:23,22
DA:24,22
DA:25,0
DA:26,0
DA:28,22
DA:29,22
DA:30,0
DA:31,0
DA:35,11
DA:36,11
DA:37,22
DA:38,0
DA:42,11
DA:43,11
DA:44,22
DA:45,0
DA:48,11
DA:52,6
DA:53,6
DA:57,4
DA:58,4
DA:63,0
DA:64,0
DA:65,0
DA:66,0
DA:67,0
DA:73,1
DA:74,0
DA:76,1
DA:78,1
LF:42
LH:30
BRDA:6,0,0,5
BRDA:6,0,1,0
BRDA:10,1,0,3
BRDA:10,1,1,2
BRDA:66,2,0,0
BRDA:66,2,1,0
BRDA:73,3,0,0
BRDA:73,3,1,1
BRF:8
BRH:4
end_of_record
