TN:
SF:src\Task.js
FN:2,(anonymous_0)
FN:8,(anonymous_1)
FNF:2
FNH:2
FNDA:4,(anonymous_0)
FNDA:4,(anonymous_1)
DA:3,4
DA:4,4
DA:5,4
DA:9,4
DA:19,4
LF:5
LH:5
BRDA:9,0,0,0
BRDA:9,0,1,4
BRDA:11,1,0,0
BRDA:11,1,1,4
BRF:4
BRH:2
end_of_record
TN:
SF:src\ToDoList.js
FN:4,(anonymous_0)
FN:12,(anonymous_1)
FN:21,(anonymous_2)
FN:27,(anonymous_3)
FN:34,(anonymous_4)
FN:35,(anonymous_5)
FN:41,(anonymous_6)
FN:42,(anonymous_7)
FN:49,(anonymous_8)
FN:54,(anonymous_9)
FN:60,(anonymous_10)
FN:62,(anonymous_11)
FN:70,(anonymous_12)
FNF:13
FNH:6
FNDA:2,(anonymous_0)
FNDA:3,(anonymous_1)
FNDA:0,(anonymous_2)
FNDA:0,(anonymous_3)
FNDA:4,(anonymous_4)
FNDA:0,(anonymous_5)
FNDA:4,(anonymous_6)
FNDA:0,(anonymous_7)
FNDA:2,(anonymous_8)
FNDA:1,(anonymous_9)
FNDA:0,(anonymous_10)
FNDA:0,(anonymous_11)
FNDA:0,(anonymous_12)
DA:5,2
DA:6,2
DA:7,2
DA:8,1
DA:13,3
DA:14,3
DA:15,4
DA:16,4
DA:17,4
DA:18,4
DA:20,4
DA:21,4
DA:22,0
DA:23,0
DA:26,4
DA:27,4
DA:28,0
DA:29,0
DA:33,3
DA:34,3
DA:35,4
DA:36,0
DA:40,3
DA:41,3
DA:42,4
DA:43,0
DA:46,3
DA:50,2
DA:51,2
DA:55,1
DA:56,1
DA:61,0
DA:62,0
DA:63,0
DA:64,0
DA:65,0
DA:71,0
DA:72,0
DA:74,0
DA:76,0
LF:40
LH:25
BRDA:7,0,0,1
BRDA:7,0,1,1
BRDA:64,1,0,0
BRDA:64,1,1,0
BRDA:71,2,0,0
BRDA:71,2,1,0
BRF:6
BRH:2
end_of_record
